<?xml version="1.0" encoding="UTF-8"?>
<testsuite name="br.com.fcpaiva.admin.domain.familia.FamiliaTest" tests="2" skipped="0" failures="0" errors="0" timestamp="2023-03-20T21:14:29" hostname="Fernandos-MacBook-Air.local" time="0.052">
  <properties/>
  <testcase name="givenAnInvalidNullName_whenCallNewFamiliaAndValidate_thenShouldReceiveError()" classname="br.com.fcpaiva.admin.domain.familia.FamiliaTest" time="0.047"/>
  <testcase name="giveAvalidParam_whenCallNewFamilia_thInstantiateAFamilia()" classname="br.com.fcpaiva.admin.domain.familia.FamiliaTest" time="0.003"/>
  <system-out><![CDATA[]]></system-out>
  <system-err><![CDATA[]]></system-err>
</testsuite>
