<?xml version="1.0" encoding="UTF-8"?>
<testsuite name="br.com.fcpaiva.admin.domain.familia.DependentesTest" tests="1" skipped="0" failures="0" errors="0" timestamp="2023-03-20T22:53:51" hostname="Fernandos-MacBook-Air.local" time="0.024">
  <properties/>
  <testcase name="giveAvalidParam_whenCallNewFamiliaDependente_thInstantiateADependente()" classname="br.com.fcpaiva.admin.domain.familia.DependentesTest" time="0.024"/>
  <system-out><![CDATA[]]></system-out>
  <system-err><![CDATA[]]></system-err>
</testsuite>
