<?xml version="1.0" encoding="UTF-8"?>
<testsuite name="br.com.fcpaiva.admin.domain.familia.FamiliaTest" tests="1" skipped="0" failures="0" errors="0" timestamp="2023-03-20T18:51:51" hostname="Fernandos-MacBook-Air.local" time="0.022">
  <properties/>
  <testcase name="giveAvalidParam_whenCallNewFamilia_thInstantiateAFamilia()" classname="br.com.fcpaiva.admin.domain.familia.FamiliaTest" time="0.022"/>
  <system-out><![CDATA[]]></system-out>
  <system-err><![CDATA[]]></system-err>
</testsuite>
