<?xml version="1.0" encoding="UTF-8"?>
<testsuite name="br.com.fcpaiva.admin.infrastructure.MainTest" tests="1" skipped="0" failures="0" errors="0" timestamp="2023-03-20T17:45:10" hostname="Fernandos-MacBook-Air.local" time="0.029">
  <properties/>
  <testcase name="testMain()" classname="br.com.fcpaiva.admin.infrastructure.MainTest" time="0.029"/>
  <system-out><![CDATA[Hello world!
br.com.fcpaiva.admin.domain.Familia@45099dd3
]]></system-out>
  <system-err><![CDATA[]]></system-err>
</testsuite>
